<?xml version="1.0" encoding="UTF-8"?>
<!-- Generated by org.testng.reporters.JUnitXMLReporter -->
<testsuite hostname="LAPTOP-B84FV6SC" ignored="0" name="regression" tests="3" failures="0" timestamp="2022-05-10T17:42:12 BST" time="12.307" errors="0">
  <testcase name="aChileanComingToTheUKForWorkAndPlansOnStayingForLongerThanSixMonths" time="2.182" classname="gov.uk.check.visa.testsuite.VisaConfirmationTest"/>
  <testcase name="aColumbianNationalComingToTheUKToJoinAPartnerForALongStayTheyDoHaveAnArticle10Or20Card" time="0.948" classname="gov.uk.check.visa.testsuite.VisaConfirmationTest"/>
  <testcase name="anAustralianCominToUKForTourism" time="0.723" classname="gov.uk.check.visa.testsuite.VisaConfirmationTest"/>
</testsuite> <!-- regression -->
