<?xml version="1.0" encoding="UTF-8"?>
<testng-results skipped="0" failed="0" ignored="0" total="3" passed="3">
  <reporter-output>
  </reporter-output>
  <suite name="regression suite" duration-ms="12307" started-at="2022-05-10T17:41:59 BST" finished-at="2022-05-10T17:42:12 BST">
    <groups>
      <group name="regression">
        <method signature="VisaConfirmationTest.aChileanComingToTheUKForWorkAndPlansOnStayingForLongerThanSixMonths()[pri:0, instance:gov.uk.check.visa.testsuite.VisaConfirmationTest@3891771e]" name="aChileanComingToTheUKForWorkAndPlansOnStayingForLongerThanSixMonths" class="gov.uk.check.visa.testsuite.VisaConfirmationTest"/>
        <method signature="VisaConfirmationTest.aColumbianNationalComingToTheUKToJoinAPartnerForALongStayTheyDoHaveAnArticle10Or20Card()[pri:0, instance:gov.uk.check.visa.testsuite.VisaConfirmationTest@3891771e]" name="aColumbianNationalComingToTheUKToJoinAPartnerForALongStayTheyDoHaveAnArticle10Or20Card" class="gov.uk.check.visa.testsuite.VisaConfirmationTest"/>
        <method signature="VisaConfirmationTest.anAustralianCominToUKForTourism()[pri:0, instance:gov.uk.check.visa.testsuite.VisaConfirmationTest@3891771e]" name="anAustralianCominToUKForTourism" class="gov.uk.check.visa.testsuite.VisaConfirmationTest"/>
      </group> <!-- regression -->
      <group name="smoke">
        <method signature="VisaConfirmationTest.aChileanComingToTheUKForWorkAndPlansOnStayingForLongerThanSixMonths()[pri:0, instance:gov.uk.check.visa.testsuite.VisaConfirmationTest@3891771e]" name="aChileanComingToTheUKForWorkAndPlansOnStayingForLongerThanSixMonths" class="gov.uk.check.visa.testsuite.VisaConfirmationTest"/>
        <method signature="VisaConfirmationTest.aColumbianNationalComingToTheUKToJoinAPartnerForALongStayTheyDoHaveAnArticle10Or20Card()[pri:0, instance:gov.uk.check.visa.testsuite.VisaConfirmationTest@3891771e]" name="aColumbianNationalComingToTheUKToJoinAPartnerForALongStayTheyDoHaveAnArticle10Or20Card" class="gov.uk.check.visa.testsuite.VisaConfirmationTest"/>
      </group> <!-- smoke -->
      <group name="sanity">
        <method signature="VisaConfirmationTest.aChileanComingToTheUKForWorkAndPlansOnStayingForLongerThanSixMonths()[pri:0, instance:gov.uk.check.visa.testsuite.VisaConfirmationTest@3891771e]" name="aChileanComingToTheUKForWorkAndPlansOnStayingForLongerThanSixMonths" class="gov.uk.check.visa.testsuite.VisaConfirmationTest"/>
        <method signature="VisaConfirmationTest.aColumbianNationalComingToTheUKToJoinAPartnerForALongStayTheyDoHaveAnArticle10Or20Card()[pri:0, instance:gov.uk.check.visa.testsuite.VisaConfirmationTest@3891771e]" name="aColumbianNationalComingToTheUKToJoinAPartnerForALongStayTheyDoHaveAnArticle10Or20Card" class="gov.uk.check.visa.testsuite.VisaConfirmationTest"/>
        <method signature="VisaConfirmationTest.anAustralianCominToUKForTourism()[pri:0, instance:gov.uk.check.visa.testsuite.VisaConfirmationTest@3891771e]" name="anAustralianCominToUKForTourism" class="gov.uk.check.visa.testsuite.VisaConfirmationTest"/>
      </group> <!-- sanity -->
    </groups>
    <test name="regression" duration-ms="12307" started-at="2022-05-10T17:41:59 BST" finished-at="2022-05-10T17:42:12 BST">
      <class name="gov.uk.check.visa.testsuite.VisaConfirmationTest">
        <test-method status="PASS" signature="setUp()[pri:0, instance:gov.uk.check.visa.testsuite.VisaConfirmationTest@3891771e]" name="setUp" is-config="true" duration-ms="2772" started-at="2022-05-10T17:42:00 BST" finished-at="2022-05-10T17:42:02 BST">
          <reporter-output>
          </reporter-output>
        </test-method> <!-- setUp -->
        <test-method status="PASS" signature="init()[pri:0, instance:gov.uk.check.visa.testsuite.VisaConfirmationTest@3891771e]" name="init" is-config="true" duration-ms="32" started-at="2022-05-10T17:42:02 BST" finished-at="2022-05-10T17:42:02 BST">
          <reporter-output>
          </reporter-output>
        </test-method> <!-- init -->
        <test-method status="PASS" signature="aChileanComingToTheUKForWorkAndPlansOnStayingForLongerThanSixMonths()[pri:0, instance:gov.uk.check.visa.testsuite.VisaConfirmationTest@3891771e]" name="aChileanComingToTheUKForWorkAndPlansOnStayingForLongerThanSixMonths" duration-ms="2182" started-at="2022-05-10T17:42:02 BST" finished-at="2022-05-10T17:42:05 BST">
          <reporter-output>
          </reporter-output>
        </test-method> <!-- aChileanComingToTheUKForWorkAndPlansOnStayingForLongerThanSixMonths -->
        <test-method status="PASS" signature="tearDown()[pri:0, instance:gov.uk.check.visa.testsuite.VisaConfirmationTest@3891771e]" name="tearDown" is-config="true" duration-ms="624" started-at="2022-05-10T17:42:05 BST" finished-at="2022-05-10T17:42:05 BST">
          <reporter-output>
          </reporter-output>
        </test-method> <!-- tearDown -->
        <test-method status="PASS" signature="setUp()[pri:0, instance:gov.uk.check.visa.testsuite.VisaConfirmationTest@3891771e]" name="setUp" is-config="true" duration-ms="1742" started-at="2022-05-10T17:42:05 BST" finished-at="2022-05-10T17:42:07 BST">
          <reporter-output>
          </reporter-output>
        </test-method> <!-- setUp -->
        <test-method status="PASS" signature="init()[pri:0, instance:gov.uk.check.visa.testsuite.VisaConfirmationTest@3891771e]" name="init" is-config="true" duration-ms="8" started-at="2022-05-10T17:42:07 BST" finished-at="2022-05-10T17:42:07 BST">
          <reporter-output>
          </reporter-output>
        </test-method> <!-- init -->
        <test-method status="PASS" signature="aColumbianNationalComingToTheUKToJoinAPartnerForALongStayTheyDoHaveAnArticle10Or20Card()[pri:0, instance:gov.uk.check.visa.testsuite.VisaConfirmationTest@3891771e]" name="aColumbianNationalComingToTheUKToJoinAPartnerForALongStayTheyDoHaveAnArticle10Or20Card" duration-ms="948" started-at="2022-05-10T17:42:07 BST" finished-at="2022-05-10T17:42:08 BST">
          <reporter-output>
          </reporter-output>
        </test-method> <!-- aColumbianNationalComingToTheUKToJoinAPartnerForALongStayTheyDoHaveAnArticle10Or20Card -->
        <test-method status="PASS" signature="tearDown()[pri:0, instance:gov.uk.check.visa.testsuite.VisaConfirmationTest@3891771e]" name="tearDown" is-config="true" duration-ms="619" started-at="2022-05-10T17:42:08 BST" finished-at="2022-05-10T17:42:09 BST">
          <reporter-output>
          </reporter-output>
        </test-method> <!-- tearDown -->
        <test-method status="PASS" signature="setUp()[pri:0, instance:gov.uk.check.visa.testsuite.VisaConfirmationTest@3891771e]" name="setUp" is-config="true" duration-ms="1812" started-at="2022-05-10T17:42:09 BST" finished-at="2022-05-10T17:42:10 BST">
          <reporter-output>
          </reporter-output>
        </test-method> <!-- setUp -->
        <test-method status="PASS" signature="init()[pri:0, instance:gov.uk.check.visa.testsuite.VisaConfirmationTest@3891771e]" name="init" is-config="true" duration-ms="3" started-at="2022-05-10T17:42:10 BST" finished-at="2022-05-10T17:42:10 BST">
          <reporter-output>
          </reporter-output>
        </test-method> <!-- init -->
        <test-method status="PASS" signature="anAustralianCominToUKForTourism()[pri:0, instance:gov.uk.check.visa.testsuite.VisaConfirmationTest@3891771e]" name="anAustralianCominToUKForTourism" duration-ms="723" started-at="2022-05-10T17:42:10 BST" finished-at="2022-05-10T17:42:11 BST">
          <reporter-output>
          </reporter-output>
        </test-method> <!-- anAustralianCominToUKForTourism -->
        <test-method status="PASS" signature="tearDown()[pri:0, instance:gov.uk.check.visa.testsuite.VisaConfirmationTest@3891771e]" name="tearDown" is-config="true" duration-ms="618" started-at="2022-05-10T17:42:11 BST" finished-at="2022-05-10T17:42:12 BST">
          <reporter-output>
          </reporter-output>
        </test-method> <!-- tearDown -->
      </class> <!-- gov.uk.check.visa.testsuite.VisaConfirmationTest -->
    </test> <!-- regression -->
  </suite> <!-- regression suite -->
</testng-results>
